0 info it worked if it ends with ok
1 verbose cli [ 'C:\\Program Files\\nodejs\\node.exe',
1 verbose cli   'C:\\Program Files\\nodejs\\node_modules\\npm\\bin\\npm-cli.js',
1 verbose cli   'start' ]
2 info using npm@3.3.12
3 info using node@v5.3.0
4 verbose run-script [ 'prestart', 'start', 'poststart' ]
5 info lifecycle node-mysql@0.0.1~prestart: node-mysql@0.0.1
6 silly lifecycle node-mysql@0.0.1~prestart: no script for prestart, continuing
7 info lifecycle node-mysql@0.0.1~start: node-mysql@0.0.1
8 verbose lifecycle node-mysql@0.0.1~start: unsafe-perm in lifecycle true
9 verbose lifecycle node-mysql@0.0.1~start: PATH: C:\Program Files\nodejs\node_modules\npm\bin\node-gyp-bin;D:\Projects\FantasticCV\node_modules\.bin;C:\Users\anonym\AppData\Roaming\npm;C:\Program Files\nodejs\;C:\Program Files (x86)\Common Files\Intel\Shared Files\cpp\bin\Intel64;C:\ProgramData\Oracle\Java\javapath;C:\Windows\system32;C:\Windows;C:\Windows\System32\Wbem;C:\Windows\System32\WindowsPowerShell\v1.0\;C:\Program Files (x86)\AMD\ATI.ACE\Core-Static;C:\Program Files (x86)\Skype\Phone\;C:\Program Files\nodejs\;C:\Users\anonym\AppData\Roaming\npm
10 verbose lifecycle node-mysql@0.0.1~start: CWD: D:\Projects\FantasticCV
11 silly lifecycle node-mysql@0.0.1~start: Args: [ '/d /s /c', 'node server.js' ]
12 silly lifecycle node-mysql@0.0.1~start: Returned: code: 1  signal: null
13 info lifecycle node-mysql@0.0.1~start: Failed to exec start script
14 verbose stack Error: node-mysql@0.0.1 start: `node server.js`
14 verbose stack Exit status 1
14 verbose stack     at EventEmitter.<anonymous> (C:\Program Files\nodejs\node_modules\npm\lib\utils\lifecycle.js:232:16)
14 verbose stack     at emitTwo (events.js:87:13)
14 verbose stack     at EventEmitter.emit (events.js:172:7)
14 verbose stack     at ChildProcess.<anonymous> (C:\Program Files\nodejs\node_modules\npm\lib\utils\spawn.js:24:14)
14 verbose stack     at emitTwo (events.js:87:13)
14 verbose stack     at ChildProcess.emit (events.js:172:7)
14 verbose stack     at maybeClose (internal/child_process.js:818:16)
14 verbose stack     at Process.ChildProcess._handle.onexit (internal/child_process.js:211:5)
15 verbose pkgid node-mysql@0.0.1
16 verbose cwd D:\Projects\FantasticCV
17 error Windows_NT 6.3.9600
18 error argv "C:\\Program Files\\nodejs\\node.exe" "C:\\Program Files\\nodejs\\node_modules\\npm\\bin\\npm-cli.js" "start"
19 error node v5.3.0
20 error npm  v3.3.12
21 error code ELIFECYCLE
22 error node-mysql@0.0.1 start: `node server.js`
22 error Exit status 1
23 error Failed at the node-mysql@0.0.1 start script 'node server.js'.
23 error Make sure you have the latest version of node.js and npm installed.
23 error If you do, this is most likely a problem with the node-mysql package,
23 error not with npm itself.
23 error Tell the author that this fails on your system:
23 error     node server.js
23 error You can get their info via:
23 error     npm owner ls node-mysql
23 error There is likely additional logging output above.
24 verbose exit [ 1, true ]
